<?xml version="1.0" encoding="UTF-8"?>
<!-- Generated by org.testng.reporters.JUnitReportReporter -->
<testsuite hostname="DESKTOP-KLI7F70" failures="0" tests="6" name="webUITest.TestObject" time="-1685892480.000" errors="1" timestamp="2023-06-04T18:29:24 EEST" skipped="5">
  <testcase classname="webUITest.TestObject" name="CreateProblemRoute" time="0.000">
    <skipped/>
  </testcase> <!-- CreateProblemRoute -->
  <system-out/>
  <testcase classname="webUITest.TestObject" name="CreateProblemRoute" time="0.000">
    <skipped/>
  </testcase> <!-- CreateProblemRoute -->
  <system-out/>
  <testcase classname="webUITest.TestObject" name="CreateProblemRoute" time="0.000">
    <skipped/>
  </testcase> <!-- CreateProblemRoute -->
  <system-out/>
  <testcase classname="webUITest.TestObject" name="CreateProblemRoute" time="0.000">
    <skipped/>
  </testcase> <!-- CreateProblemRoute -->
  <system-out/>
  <testcase classname="webUITest.TestObject" name="setDriver" time="-1685892480.000">
    <error message="
Can inject only one of &lt;ITestContext, XmlTest, Method, Object[], ITestResult&gt; into a @BeforeMethod annotated setDriver.
For more information on native dependency injection please refer to https://testng.org/doc/documentation-main.html#native-dependency-injection" type="org.testng.TestNGException">
      <![CDATA[org.testng.TestNGException: 
Can inject only one of <ITestContext, XmlTest, Method, Object[], ITestResult> into a @BeforeMethod annotated setDriver.
For more information on native dependency injection please refer to https://testng.org/doc/documentation-main.html#native-dependency-injection
at org.testng.internal.Parameters.checkParameterTypes(Parameters.java:436)
at org.testng.internal.Parameters.createParametersForMethod(Parameters.java:350)
at org.testng.internal.Parameters.createParameters(Parameters.java:693)
at org.testng.internal.Parameters.createConfigurationParameters(Parameters.java:166)
at org.testng.internal.invokers.ConfigInvoker.invokeConfigurations(ConfigInvoker.java:277)
at org.testng.internal.invokers.TestInvoker.runConfigMethods(TestInvoker.java:823)
at org.testng.internal.invokers.TestInvoker.invokeMethod(TestInvoker.java:590)
at org.testng.internal.invokers.TestInvoker.invokeTestMethod(TestInvoker.java:221)
at org.testng.internal.invokers.MethodRunner.runInSequence(MethodRunner.java:50)
at org.testng.internal.invokers.TestInvoker$MethodInvocationAgent.invoke(TestInvoker.java:969)
at org.testng.internal.invokers.TestInvoker.invokeTestMethods(TestInvoker.java:194)
at org.testng.internal.invokers.TestMethodWorker.invokeTestMethods(TestMethodWorker.java:148)
at org.testng.internal.invokers.TestMethodWorker.run(TestMethodWorker.java:128)
at java.base/java.util.concurrent.ThreadPoolExecutor.runWorker(ThreadPoolExecutor.java:1136)
at java.base/java.util.concurrent.ThreadPoolExecutor$Worker.run(ThreadPoolExecutor.java:635)
at java.base/java.lang.Thread.run(Thread.java:833)
]]>
    </error>
  </testcase> <!-- setDriver -->
  <system-out/>
  <testcase classname="webUITest.TestObject" name="CreateProblemRoute" time="0.000">
    <skipped/>
  </testcase> <!-- CreateProblemRoute -->
  <system-out/>
</testsuite> <!-- webUITest.TestObject -->
